--------------------------------------------------------------------------------------------------
      name:  <unnamed>
       log:  /Users/probrachel/Documents/PS1.log
  log type:  text
 opened on:   8 Feb 2026, 23:10:15

. 
. ********************************************************************************
. * Part A: Returns to an Economics Degree 
. ********************************************************************************
. 
. use "/Users/probrachel/Documents/Causal_Inference/Stata_PS/1_Review/Data_raw/usa_00001.dta", cle
> ar

. 
. ******************************************************************************
. * 2)
. * Keep only individuals who are Ages 25-65, have a positive wage income, have a bachelor's degre
> e or higher 
. ******************************************************************************
. 
. keep if age >= 25 & age <= 65
(1,684,328 observations deleted)

. keep if incwage > 0 
(445,558 observations deleted)

. keep if educ >= 10 
(714,495 observations deleted)

. 
. * Referring back to the codebook and according to the IPUMS codebook, educ = 10 corresponds to a
>  bachelor's degree and educ = 11 corresponds to a graduate or professional degree. Therefore, I 
> restrict the sample to individuals with educ >= 10 
. 
. ******************************************************************************
. * 3) 
. * Create new variables
. ******************************************************************************
. 
. * Economics degree: 1 if economics major (degfieldd = 5501)
. gen econ_degree = (degfieldd == 5501)

. label var econ_degree "Economics degree (degfieldd ==5501)"

. 
. * ln wage: natural log of wage and salary income | keep if incwage > 0 
. 
. gen ln_wage = ln(incwage)

. label var ln_wage "Log wage income (ln incwage)"

. 
. * female: 1 if female (Sex: 1=male, 2 = female)
. gen female = (sex ==2)

. label var female "Female (sex==2)"

. 
. * asian: 1 if Asian (RACE general: 4=Chinese, 5 =Japanese, 6 =Other Asian/Pacific Islander)
. gen asian = inlist(race, 4,5,6)

. label var asian "Asian (race in 4,5,6)"

. 
. * age2: age squared 
. gen age2 = age^2 

. label var age2 "Age squared"

. 
. * race dummies from RACE ( White omitted as the reference group)
. gen black = (race ==2)

. gen native = (race ==3)

. gen other_race = inlist(race, 7,8,9)

. 
. 
. label var black "Black (race==2)"

. label var native "Native American (race==3)"

. label var other_race "Other or multiracial race"

. 
. ******************************************************************************
. * 4) Run summarize 
. ******************************************************************************
. 
. * I have 578,507 observations | Only 11,422 have an economics degree, which is roughly about 1.9
> 7% or 2%. 
. 
. 
. ******************************************************************************
. * 5) Regression using robust standard error 
. ******************************************************************************
. 
. * a) Simple regression
. reg ln_wage econ_degree, vce(robust)

Linear regression                               Number of obs     =    578,507
                                                F(1, 578505)      =     988.89
                                                Prob > F          =     0.0000
                                                R-squared         =     0.0020
                                                Root MSE          =     1.0147

------------------------------------------------------------------------------
             |               Robust
     ln_wage | Coefficient  std. err.      t    P>|t|     [95% conf. interval]
-------------+----------------------------------------------------------------
 econ_degree |   .3288149   .0104563    31.45   0.000     .3083209    .3493089
       _cons |   11.16858   .0013448  8304.99   0.000     11.16594    11.17122
------------------------------------------------------------------------------

. 
. ** Interpretation: the dependent variable here is log wage, and Beta 1 is the percent difference
>  in wages between econ majors and non-econ majors 
. 
. * Coefficient of 0.3288149 means that economics majors earn about ~33% more than non-econ majors
>  
. 
. * b) Add controls 
. reg ln_wage econ_degree female age age2 black native asian other_race, vce(robust)

Linear regression                               Number of obs     =    578,507
                                                F(8, 578498)      =    6547.19
                                                Prob > F          =     0.0000
                                                R-squared         =     0.0783
                                                Root MSE          =     .97513

------------------------------------------------------------------------------
             |               Robust
     ln_wage | Coefficient  std. err.      t    P>|t|     [95% conf. interval]
-------------+----------------------------------------------------------------
 econ_degree |   .2435444   .0101247    24.05   0.000     .2237003    .2633886
      female |  -.4031908   .0025682  -156.99   0.000    -.4082244   -.3981572
         age |   .1196348   .0010064   118.88   0.000     .1176624    .1216072
        age2 |  -.0012604   .0000115  -109.83   0.000    -.0012829   -.0012379
       black |  -.1916844   .0052764   -36.33   0.000     -.202026   -.1813428
      native |  -.2739179   .0160973   -17.02   0.000     -.305468   -.2423678
       asian |   .1034055   .0042655    24.24   0.000     .0950453    .1117658
  other_race |  -.1542805   .0040385   -38.20   0.000    -.1621959   -.1463651
       _cons |   8.745586   .0210888   414.70   0.000     8.704252    8.786919
------------------------------------------------------------------------------

. 
. ** Interpretation: holding gender, age, age^2, and race constant, people with an economics degre
> e earn about 24% higher wages than comprable individuals without an economics degree 
. 
. ** Women earn about 40% lower wages than comprable men, holding education, age, & race constant 
. 
. ** Black individuals earn about 19% less than White counterparts
. 
. ** Native Americans earn about 27% less than comprable White individuals 
. 
. ** Asian people earn about 10% more than comprable White counterparts 
. 
. ** People classified as other or multiracial earn about 15% less than White 
. 
. ** Earnings rise with age early in the carrer but eventually level off and decline 
. 
. * c) Add interaction 
. 
. reg ln_wage c.econ_degree##i.asian female age age2 black native other_race, vce(robust)

Linear regression                               Number of obs     =    578,507
                                                F(9, 578497)      =    5830.62
                                                Prob > F          =     0.0000
                                                R-squared         =     0.0784
                                                Root MSE          =     .97507

-------------------------------------------------------------------------------------
                    |               Robust
            ln_wage | Coefficient  std. err.      t    P>|t|     [95% conf. interval]
--------------------+----------------------------------------------------------------
        econ_degree |   .2801102   .0110105    25.44   0.000     .2585301    .3016904
            1.asian |   .1093536   .0043134    25.35   0.000     .1008995    .1178078
                    |
asian#c.econ_degree |
                 1  |  -.2080552   .0274979    -7.57   0.000    -.2619503   -.1541602
                    |
             female |  -.4026991   .0025686  -156.78   0.000    -.4077335   -.3976646
                age |   .1196501   .0010063   118.90   0.000     .1176777    .1216224
               age2 |  -.0012606   .0000115  -109.85   0.000    -.0012831   -.0012381
              black |  -.1915869   .0052766   -36.31   0.000    -.2019289    -.181245
             native |  -.2735531   .0160979   -16.99   0.000    -.3051046   -.2420017
         other_race |  -.1542828   .0040387   -38.20   0.000    -.1621985   -.1463671
              _cons |   8.744388   .0210891   414.64   0.000     8.703054    8.785722
-------------------------------------------------------------------------------------

. 
. 
. * As we add more controls, compare the econ_degree coefficient from a) to b), Beta1 from a) is B
> IGGER than Beta1 from b) --> It shrinks as we add more controls. Economics majors may differ in 
> ways that raise wages (age, demographics, etc.) AND without controls, we may wrongly attribute s
> ome of those differences to the economics degree or the model is overestimated the true effect o
> r attributing too much influence to economic degree. 
. 
. ** Holding all else constant, among non-Asian people, having an econ degree is associated with ~
> 28% higher in wages. (small p-value indicates this effect is statistically siginificant)
. 
. ** Asian (main effect): being Asian is associated with ~ 10.9% higher wage relative to the refer
> ence race group like White, on average
. 
. * Return for Asians (adding coefficient)= Base effect of econ_degree + interaction effect = Beta
>  1 + Beta 3 = 0.2801 - 0.2081  = 0.0720  --> This is a net effect for Asians with Econs degree (
> ~7.2%). For Asians, the wage advantage from holding an Econs degree is smaller than for non-Asia
> ns. 
. 
. * Put it another way, the return to an Econs degree is about 21 percentage points lower for Asia
> n workers than for non-Asian workers --> Asians still benefit from an Econs degree, but much les
> s than non-Asians; the difference is statistically siginificant. (Coefficient of econ_degree * a
> sian = -0.2081 --> measuring how the marginal effect of one variable (econ_degree) on dependent 
> variable ) 
. 
. 
. ******************************************************************************
. * 6) FWL Theorem 
. ******************************************************************************
. 
. * i) Regress ln_wage on age and age2 
. 
. reg ln_wage age age2, vce(robust)

Linear regression                               Number of obs     =    578,507
                                                F(2, 578504)      =    9773.00
                                                Prob > F          =     0.0000
                                                R-squared         =     0.0299
                                                Root MSE          =     1.0004

------------------------------------------------------------------------------
             |               Robust
     ln_wage | Coefficient  std. err.      t    P>|t|     [95% conf. interval]
-------------+----------------------------------------------------------------
         age |   .1197661   .0010259   116.74   0.000     .1177553    .1217769
        age2 |  -.0012548   .0000117  -107.07   0.000    -.0012777   -.0012318
       _cons |   8.499111   .0213528   398.03   0.000      8.45726    8.540962
------------------------------------------------------------------------------

. predict wage_resid, resid 

. 
. * ii) Regress econ_degree on age and age2
. 
. reg econ_degree age age2, vce(robus)

Linear regression                               Number of obs     =    578,507
                                                F(2, 578504)      =      12.63
                                                Prob > F          =     0.0000
                                                R-squared         =     0.0000
                                                Root MSE          =     .13912

------------------------------------------------------------------------------
             |               Robust
 econ_degree | Coefficient  std. err.      t    P>|t|     [95% conf. interval]
-------------+----------------------------------------------------------------
         age |  -.0005861   .0001379    -4.25   0.000    -.0008564   -.0003159
        age2 |   7.02e-06   1.55e-06     4.54   0.000     3.99e-06      .00001
       _cons |   .0310571   .0029346    10.58   0.000     .0253054    .0368088
------------------------------------------------------------------------------

. predict econ_resid, resid 

. 
. * iii) Regress wage_resid on econ_resid
. 
. reg wage_resid econ_resid, vce(robust)

Linear regression                               Number of obs     =    578,507
                                                F(1, 578505)      =    1051.60
                                                Prob > F          =     0.0000
                                                R-squared         =     0.0021
                                                Root MSE          =     .99933

------------------------------------------------------------------------------
             |               Robust
  wage_resid | Coefficient  std. err.      t    P>|t|     [95% conf. interval]
-------------+----------------------------------------------------------------
  econ_resid |   .3331913   .0102747    32.43   0.000     .3130533    .3533294
       _cons |   1.38e-09   .0013139     0.00   1.000    -.0025751    .0025751
------------------------------------------------------------------------------

. 
. ** After purging age effects, a one-unit increase in econ_resid is associated with about 33% inc
> rease in log wages. The effect is large, positive and highly statistcally siginificant. 
. 
. ** Controlling for age means removing the part of both wages and degree status that is explained
>  by age and age2, and then examining the relationship between what remains. 
. 
. * iv) Run multiple regression ln_wage on econ_degree, age, age2 
. 
. reg ln_wage econ_degree age age2, vce(robust)

Linear regression                               Number of obs     =    578,507
                                                F(3, 578503)      =    6854.76
                                                Prob > F          =     0.0000
                                                R-squared         =     0.0320
                                                Root MSE          =     .99933

------------------------------------------------------------------------------
             |               Robust
     ln_wage | Coefficient  std. err.      t    P>|t|     [95% conf. interval]
-------------+----------------------------------------------------------------
 econ_degree |   .3331913   .0102747    32.43   0.000     .3130533    .3533294
         age |   .1199614   .0010251   117.02   0.000     .1179523    .1219706
        age2 |  -.0012571   .0000117  -107.35   0.000      -.00128   -.0012341
       _cons |   8.488763   .0213394   397.80   0.000     8.446938    8.530587
------------------------------------------------------------------------------

. * coefficient on econ_degree here to the coefficient on econ_resid in iii) is matching (tiny rou
> nding differences)
. 
. * v) Scatterplot of wage_resid against econ_resid 
. 
. twoway (scatter wage_resid econ_resid), ///
>     xtitle("Econ residual (econ_degree residualized on age and age2)") ///
>     ytitle("Wage residual (ln_wage residualized on age and age2)") ///
>     title("FWL: Residualized ln_wage vs residualized econ_degree")

. 
. twoway (scatter wage_resid econ_resid) (lfit wage_resid econ_resid), ///
>     xtitle("Econ residual") ytitle("Wage residual") ///
>     title("FWL Theorem Visualization")

. 
.         
. ******************************************************************************
. * 7) econ_degree as a causal effect 
. ******************************************************************************
. 
. * Interpretating the coefficient on an Economics degree as a causal effect on earnings is genera
> lly NOT possible because we all know correlation does not imply causation. Let's say if a studen
> t with higher math ability choose economics major, the coefficient reflects that ability, not th
> e degree's impact
. 
. * Unobserved factors affecting both econ degree choice and wages: 
. * Ability or math skill: higher ability people are more likely to choose economics and higher ab
> ility also leads to higher wages, regardless of major 
. * Ambition: People who are more career-oriented or earnings-focused are more likely to major in 
> economics 
. * Family background: more advantaged backgrounds increase the likelihood of choosing economics 
. 
. 
. * Direction of bias (omitted variable bias):
. 
. ** Cov(econ_degree, ability) > 0 (higher ability students are more likely to major in Econs)
. 
. ** Beta_ability > 0 (ability raises wages)
. 
. ** Therefore, Bias >0 --> The estimated coefficient on econ_degree is "biased upward". In other 
> word, some of the wage premium we attribute to the economcis degree is actually due to higher ab
> ility, ambition, or background, which we did not fully observe or control for. 
. 
. ** Econ_degree is not a good treatment for causal inference. To be a valid causal treatment, eco
> n_degree would need to be independent of unobserved determinant of wages.  
. 
. 
. 
. ******************************************************************************
. * Part B: College Enrollment (Probit)
. ******************************************************************************
. 
. * Step 1 
. 
. use "/Users/probrachel/Documents/Causal_Inference/Stata_PS/1_Review/Data_raw/usa_00001.dta", cle
> ar

. keep if age >= 19 & age <=21 
(3,293,612 observations deleted)

. 
. * Step 2 
. *a)
. gen in_school = (school ==2)

. label var in_school "Currently enrolled in school"

. 
. tab in_school

  Currently |
enrolled in |
     school |      Freq.     Percent        Cum.
------------+-----------------------------------
          0 |     48,340       37.39       37.39
          1 |     80,936       62.61      100.00
------------+-----------------------------------
      Total |    129,276      100.00

. 
. *b) 
. 
. gen fam_income_10k = ftotinc/10000 if ftotinc >= 0 & ftotinc < 9999999
(38,882 missing values generated)

. label var fam_income_10k "Family income (in $10,000s)"

. 
. * Step 3
. 
. sum in_school fam_income_10k

    Variable |        Obs        Mean    Std. dev.       Min        Max
-------------+---------------------------------------------------------
   in_school |    129,276    .6260714    .4838469          0          1
fam_inco~10k |     90,394    11.52332    11.71404          0     180.66

. 
. * Step 4 
. * a)
. reg in_school fam_income_10k, vce(robust)

Linear regression                               Number of obs     =     90,394
                                                F(1, 90392)       =     427.05
                                                Prob > F          =     0.0000
                                                R-squared         =     0.0042
                                                Root MSE          =     .49882

--------------------------------------------------------------------------------
               |               Robust
     in_school | Coefficient  std. err.      t    P>|t|     [95% conf. interval]
---------------+----------------------------------------------------------------
fam_income_10k |   .0027704   .0001341    20.67   0.000     .0025076    .0030331
         _cons |   .4795151   .0022993   208.55   0.000     .4750086    .4840217
--------------------------------------------------------------------------------

. 
. ** A $10,000 increase in family income is associated with 0.277% increase in the probability tha
> t a 19-21 year old is enrolled in school. In other word, $100,000 increase in family income is a
> ssociated with a 2.8% increase in the probability that a 19-21 year old is enrolled in school. T
> his effect is statistically significant (p<0.001)
. 
. * b) 
. predict p_lpm, xb
(38,882 missing values generated)

. 
. probit in_school fam_income_10k

Iteration 0:  Log likelihood = -62632.689  
Iteration 1:  Log likelihood = -62438.594  
Iteration 2:  Log likelihood = -62438.462  
Iteration 3:  Log likelihood = -62438.462  

Probit regression                                       Number of obs = 90,394
                                                        LR chi2(1)    = 388.45
                                                        Prob > chi2   = 0.0000
Log likelihood = -62438.462                             Pseudo R2     = 0.0031

--------------------------------------------------------------------------------
     in_school | Coefficient  Std. err.      z    P>|z|     [95% conf. interval]
---------------+----------------------------------------------------------------
fam_income_10k |   .0071514   .0003667    19.50   0.000     .0064326    .0078701
         _cons |  -.0532351   .0059041    -9.02   0.000    -.0648069   -.0416633
--------------------------------------------------------------------------------

. predict p_probit, pr
(38,882 missing values generated)

. 
. sum p_lpm p_probit

    Variable |        Obs        Mean    Std. dev.       Min        Max
-------------+---------------------------------------------------------
       p_lpm |     90,394    .5114388     .032452   .4795151   .9800071
    p_probit |     90,394    .5114834    .0325738   .4787723   .8922772

. 
. ** The predicted probabilities similar across the 2 models. From the output I got, LPM mean is 0
> .51144 and Probit mean is 0.51148 --> Both models predict about 51% enrollment probability
. 
. ** The models differ most at the upper tail of the predicted probability -- LPM max:0.980 and Pr
> obit max: 0.892. LPM produces larger predicted probabilities than the probit model due to its li
> near structure, while the probit model is nonlinear and flattens out as probabilities approach 1
> . At the high income level, LPM predicts enrollment probabilities closer to 1 than the probit mo
> del, while the probit exhibit diminishing marginal effects. 
. 
. 
. ** We cannot interpret the coefficient on family income as a causal effect, family income is end
> ogenous - it is correlated with unobserved factors that also influence college enrollment, viola
> ting the exogeneity assumption. 
. 
. ** Parental education is one of omitted variables because parental educaiton is positively corre
> lated with family income (more educated parents tend to have higher incomes) AND parental educat
> ion is postively correlated with college enrollment (children of more educated parents are more 
> likely to attend college) --> Cov(fam income, parental education) > 0 ; Effect of parental educa
> tion on enrollment > 0 --> THE ESTIMATED EFFECT OF FAMILY INCOME ON ENROLLMENT IS BIASED UPWARD.
>  
. 
. log close 
      name:  <unnamed>
       log:  /Users/probrachel/Documents/PS1.log
  log type:  text
 closed on:   8 Feb 2026, 23:10:27
--------------------------------------------------------------------------------------------------
